{"/home/ajcm/Downloads/bonita/certificacion-electronica-ui-tests/scripts/formularios/firmarCertificado.js": {"path":"/home/ajcm/Downloads/bonita/certificacion-electronica-ui-tests/scripts/formularios/firmarCertificado.js","statementMap":{"0":{"start":{"line":1,"column":18},"end":{"line":5,"column":1}},"1":{"start":{"line":14,"column":2},"end":{"line":16,"column":4}},"2":{"start":{"line":27,"column":26},"end":{"line":27,"column":35}},"3":{"start":{"line":28,"column":25},"end":{"line":28,"column":73}},"4":{"start":{"line":29,"column":31},"end":{"line":29,"column":83}},"5":{"start":{"line":32,"column":2},"end":{"line":32,"column":32}},"6":{"start":{"line":44,"column":2},"end":{"line":75,"column":3}},"7":{"start":{"line":45,"column":29},"end":{"line":45,"column":34}},"8":{"start":{"line":46,"column":18},"end":{"line":46,"column":43}},"9":{"start":{"line":47,"column":26},"end":{"line":47,"column":28}},"10":{"start":{"line":48,"column":24},"end":{"line":48,"column":26}},"11":{"start":{"line":49,"column":4},"end":{"line":53,"column":5}},"12":{"start":{"line":50,"column":6},"end":{"line":50,"column":46}},"13":{"start":{"line":51,"column":11},"end":{"line":53,"column":5}},"14":{"start":{"line":52,"column":6},"end":{"line":52,"column":46}},"15":{"start":{"line":54,"column":23},"end":{"line":54,"column":25}},"16":{"start":{"line":55,"column":23},"end":{"line":55,"column":55}},"17":{"start":{"line":56,"column":4},"end":{"line":72,"column":5}},"18":{"start":{"line":57,"column":25},"end":{"line":57,"column":69}},"19":{"start":{"line":58,"column":6},"end":{"line":63,"column":20}},"20":{"start":{"line":65,"column":24},"end":{"line":65,"column":67}},"21":{"start":{"line":66,"column":6},"end":{"line":71,"column":20}},"22":{"start":{"line":74,"column":4},"end":{"line":74,"column":24}},"23":{"start":{"line":77,"column":2},"end":{"line":77,"column":13}},"24":{"start":{"line":88,"column":26},"end":{"line":88,"column":35}},"25":{"start":{"line":89,"column":25},"end":{"line":89,"column":73}},"26":{"start":{"line":90,"column":30},"end":{"line":90,"column":86}},"27":{"start":{"line":93,"column":2},"end":{"line":93,"column":31}},"28":{"start":{"line":103,"column":2},"end":{"line":116,"column":3}},"29":{"start":{"line":104,"column":23},"end":{"line":104,"column":55}},"30":{"start":{"line":105,"column":17},"end":{"line":105,"column":19}},"31":{"start":{"line":106,"column":4},"end":{"line":112,"column":5}},"32":{"start":{"line":107,"column":6},"end":{"line":108,"column":33}},"33":{"start":{"line":110,"column":6},"end":{"line":111,"column":33}},"34":{"start":{"line":115,"column":4},"end":{"line":115,"column":18}},"35":{"start":{"line":119,"column":0},"end":{"line":125,"column":2}}},"fnMap":{"0":{"name":"getFirmarPayload","decl":{"start":{"line":13,"column":9},"end":{"line":13,"column":25}},"loc":{"start":{"line":13,"column":52},"end":{"line":17,"column":1}},"line":13},"1":{"name":"rutaExternaDelDocFirmado","decl":{"start":{"line":26,"column":9},"end":{"line":26,"column":33}},"loc":{"start":{"line":26,"column":45},"end":{"line":33,"column":1}},"line":26},"2":{"name":"urlParaIniciarFirmaEC","decl":{"start":{"line":41,"column":9},"end":{"line":41,"column":30}},"loc":{"start":{"line":43,"column":2},"end":{"line":78,"column":1}},"line":43},"3":{"name":"urlExternaDelDocFirmado","decl":{"start":{"line":87,"column":9},"end":{"line":87,"column":32}},"loc":{"start":{"line":87,"column":44},"end":{"line":94,"column":1}},"line":87},"4":{"name":"urlDirPDFAVerificar","decl":{"start":{"line":102,"column":9},"end":{"line":102,"column":28}},"loc":{"start":{"line":102,"column":83},"end":{"line":117,"column":1}},"line":102}},"branchMap":{"0":{"loc":{"start":{"line":44,"column":2},"end":{"line":75,"column":3}},"type":"if","locations":[{"start":{"line":44,"column":2},"end":{"line":75,"column":3}},{"start":{},"end":{}}],"line":44},"1":{"loc":{"start":{"line":44,"column":6},"end":{"line":44,"column":55}},"type":"binary-expr","locations":[{"start":{"line":44,"column":6},"end":{"line":44,"column":25}},{"start":{"line":44,"column":29},"end":{"line":44,"column":55}}],"line":44},"2":{"loc":{"start":{"line":49,"column":4},"end":{"line":53,"column":5}},"type":"if","locations":[{"start":{"line":49,"column":4},"end":{"line":53,"column":5}},{"start":{"line":51,"column":11},"end":{"line":53,"column":5}}],"line":49},"3":{"loc":{"start":{"line":51,"column":11},"end":{"line":53,"column":5}},"type":"if","locations":[{"start":{"line":51,"column":11},"end":{"line":53,"column":5}},{"start":{},"end":{}}],"line":51},"4":{"loc":{"start":{"line":56,"column":4},"end":{"line":72,"column":5}},"type":"if","locations":[{"start":{"line":56,"column":4},"end":{"line":72,"column":5}},{"start":{"line":64,"column":11},"end":{"line":72,"column":5}}],"line":56},"5":{"loc":{"start":{"line":103,"column":2},"end":{"line":116,"column":3}},"type":"if","locations":[{"start":{"line":103,"column":2},"end":{"line":116,"column":3}},{"start":{},"end":{}}],"line":103},"6":{"loc":{"start":{"line":106,"column":4},"end":{"line":112,"column":5}},"type":"if","locations":[{"start":{"line":106,"column":4},"end":{"line":112,"column":5}},{"start":{"line":109,"column":11},"end":{"line":112,"column":5}}],"line":106}},"s":{"0":1,"1":1,"2":1,"3":1,"4":1,"5":1,"6":5,"7":4,"8":4,"9":4,"10":4,"11":4,"12":2,"13":2,"14":2,"15":4,"16":4,"17":4,"18":2,"19":2,"20":2,"21":2,"22":4,"23":1,"24":1,"25":1,"26":1,"27":1,"28":2,"29":2,"30":2,"31":2,"32":1,"33":1,"34":2,"35":1},"f":{"0":1,"1":1,"2":5,"3":1,"4":2},"b":{"0":[4,1],"1":[5,4],"2":[2,2],"3":[2,0],"4":[2,2],"5":[2,0],"6":[1,1]},"_coverageSchema":"1a1c01bbd47fc00a2c39e90264f33305004495a9","hash":"81031d1a5e08feeee2325b5993960c148d4286a9"}
,"/home/ajcm/Downloads/bonita/certificacion-electronica-ui-tests/scripts/formularios/generarCertificado.js": {"path":"/home/ajcm/Downloads/bonita/certificacion-electronica-ui-tests/scripts/formularios/generarCertificado.js","statementMap":{"0":{"start":{"line":9,"column":2},"end":{"line":11,"column":3}},"1":{"start":{"line":10,"column":4},"end":{"line":10,"column":54}},"2":{"start":{"line":13,"column":2},"end":{"line":13,"column":14}},"3":{"start":{"line":16,"column":0},"end":{"line":16,"column":28}}},"fnMap":{"0":{"name":"fechasValid","decl":{"start":{"line":8,"column":9},"end":{"line":8,"column":20}},"loc":{"start":{"line":8,"column":44},"end":{"line":14,"column":1}},"line":8}},"branchMap":{"0":{"loc":{"start":{"line":9,"column":2},"end":{"line":11,"column":3}},"type":"if","locations":[{"start":{"line":9,"column":2},"end":{"line":11,"column":3}},{"start":{},"end":{}}],"line":9},"1":{"loc":{"start":{"line":9,"column":6},"end":{"line":9,"column":29}},"type":"binary-expr","locations":[{"start":{"line":9,"column":6},"end":{"line":9,"column":17}},{"start":{"line":9,"column":21},"end":{"line":9,"column":29}}],"line":9}},"s":{"0":13,"1":12,"2":1,"3":1},"f":{"0":13},"b":{"0":[12,1],"1":[13,12]},"_coverageSchema":"1a1c01bbd47fc00a2c39e90264f33305004495a9","hash":"b61385264fd858707ffa92ad0d07c2aa21eeca3d"}
,"/home/ajcm/Downloads/bonita/certificacion-electronica-ui-tests/scripts/formularios/revisionDeSolicitud.js": {"path":"/home/ajcm/Downloads/bonita/certificacion-electronica-ui-tests/scripts/formularios/revisionDeSolicitud.js","statementMap":{"0":{"start":{"line":1,"column":18},"end":{"line":7,"column":1}},"1":{"start":{"line":15,"column":2},"end":{"line":17,"column":30}},"2":{"start":{"line":28,"column":2},"end":{"line":28,"column":82}},"3":{"start":{"line":39,"column":2},"end":{"line":42,"column":4}},"4":{"start":{"line":45,"column":0},"end":{"line":49,"column":2}}},"fnMap":{"0":{"name":"getChangeTagComentarios","decl":{"start":{"line":14,"column":9},"end":{"line":14,"column":32}},"loc":{"start":{"line":14,"column":53},"end":{"line":18,"column":1}},"line":14},"1":{"name":"getChangeButtonLabel","decl":{"start":{"line":27,"column":9},"end":{"line":27,"column":29}},"loc":{"start":{"line":27,"column":50},"end":{"line":29,"column":1}},"line":27},"2":{"name":"getRevisionSolicitudPayload","decl":{"start":{"line":38,"column":9},"end":{"line":38,"column":36}},"loc":{"start":{"line":38,"column":73},"end":{"line":43,"column":1}},"line":38}},"branchMap":{"0":{"loc":{"start":{"line":15,"column":9},"end":{"line":17,"column":29}},"type":"cond-expr","locations":[{"start":{"line":16,"column":6},"end":{"line":16,"column":45}},{"start":{"line":17,"column":6},"end":{"line":17,"column":29}}],"line":15},"1":{"loc":{"start":{"line":28,"column":9},"end":{"line":28,"column":81}},"type":"cond-expr","locations":[{"start":{"line":28,"column":59},"end":{"line":28,"column":69}},{"start":{"line":28,"column":72},"end":{"line":28,"column":81}}],"line":28}},"s":{"0":1,"1":2,"2":2,"3":1,"4":1},"f":{"0":2,"1":2,"2":1},"b":{"0":[1,1],"1":[1,1]},"_coverageSchema":"1a1c01bbd47fc00a2c39e90264f33305004495a9","hash":"cf3927c5fe7b6e12838c76fb82e680e1f81f1f58"}
,"/home/ajcm/Downloads/bonita/certificacion-electronica-ui-tests/scripts/formularios/verPdfGenerado.js": {"path":"/home/ajcm/Downloads/bonita/certificacion-electronica-ui-tests/scripts/formularios/verPdfGenerado.js","statementMap":{"0":{"start":{"line":9,"column":2},"end":{"line":9,"column":39}},"1":{"start":{"line":12,"column":0},"end":{"line":12,"column":28}}},"fnMap":{"0":{"name":"getPayload","decl":{"start":{"line":8,"column":9},"end":{"line":8,"column":19}},"loc":{"start":{"line":8,"column":28},"end":{"line":10,"column":1}},"line":8}},"branchMap":{},"s":{"0":2,"1":1},"f":{"0":2},"b":{},"_coverageSchema":"1a1c01bbd47fc00a2c39e90264f33305004495a9","hash":"967a79222cb3780094703207d45a6d863b9b4530"}
,"/home/ajcm/Downloads/bonita/certificacion-electronica-ui-tests/scripts/pagina-mce/certificados.js": {"path":"/home/ajcm/Downloads/bonita/certificacion-electronica-ui-tests/scripts/pagina-mce/certificados.js","statementMap":{"0":{"start":{"line":1,"column":33},"end":{"line":4,"column":1}},"1":{"start":{"line":18,"column":22},"end":{"line":20,"column":45}},"2":{"start":{"line":21,"column":2},"end":{"line":23,"column":3}},"3":{"start":{"line":22,"column":4},"end":{"line":22,"column":39}},"4":{"start":{"line":24,"column":24},"end":{"line":26,"column":45}},"5":{"start":{"line":27,"column":2},"end":{"line":29,"column":3}},"6":{"start":{"line":28,"column":4},"end":{"line":28,"column":39}},"7":{"start":{"line":39,"column":2},"end":{"line":43,"column":3}},"8":{"start":{"line":40,"column":4},"end":{"line":42,"column":6}},"9":{"start":{"line":55,"column":30},"end":{"line":55,"column":34}},"10":{"start":{"line":56,"column":2},"end":{"line":59,"column":3}},"11":{"start":{"line":57,"column":32},"end":{"line":57,"column":109}},"12":{"start":{"line":58,"column":4},"end":{"line":58,"column":33}},"13":{"start":{"line":61,"column":2},"end":{"line":61,"column":97}},"14":{"start":{"line":62,"column":2},"end":{"line":66,"column":3}},"15":{"start":{"line":63,"column":4},"end":{"line":65,"column":6}},"16":{"start":{"line":67,"column":2},"end":{"line":67,"column":31}},"17":{"start":{"line":79,"column":2},"end":{"line":87,"column":3}},"18":{"start":{"line":80,"column":4},"end":{"line":80,"column":52}},"19":{"start":{"line":81,"column":4},"end":{"line":81,"column":48}},"20":{"start":{"line":82,"column":4},"end":{"line":82,"column":49}},"21":{"start":{"line":83,"column":9},"end":{"line":87,"column":3}},"22":{"start":{"line":84,"column":4},"end":{"line":84,"column":48}},"23":{"start":{"line":85,"column":4},"end":{"line":85,"column":53}},"24":{"start":{"line":86,"column":4},"end":{"line":86,"column":49}},"25":{"start":{"line":89,"column":33},"end":{"line":89,"column":57}},"26":{"start":{"line":90,"column":29},"end":{"line":90,"column":57}},"27":{"start":{"line":91,"column":2},"end":{"line":91,"column":57}},"28":{"start":{"line":93,"column":2},"end":{"line":103,"column":4}},"29":{"start":{"line":114,"column":2},"end":{"line":126,"column":3}},"30":{"start":{"line":117,"column":4},"end":{"line":117,"column":43}},"31":{"start":{"line":118,"column":4},"end":{"line":118,"column":39}},"32":{"start":{"line":119,"column":4},"end":{"line":119,"column":40}},"33":{"start":{"line":120,"column":9},"end":{"line":126,"column":3}},"34":{"start":{"line":123,"column":4},"end":{"line":123,"column":39}},"35":{"start":{"line":124,"column":4},"end":{"line":124,"column":44}},"36":{"start":{"line":125,"column":4},"end":{"line":125,"column":40}},"37":{"start":{"line":127,"column":2},"end":{"line":144,"column":4}},"38":{"start":{"line":147,"column":0},"end":{"line":153,"column":2}}},"fnMap":{"0":{"name":"quienFirma","decl":{"start":{"line":17,"column":9},"end":{"line":17,"column":19}},"loc":{"start":{"line":17,"column":41},"end":{"line":30,"column":1}},"line":17},"1":{"name":"urlCrearOEditarCertificadoProceso","decl":{"start":{"line":38,"column":9},"end":{"line":38,"column":42}},"loc":{"start":{"line":38,"column":68},"end":{"line":44,"column":1}},"line":38},"2":{"name":"formErrorCrearOEditarCertificadoIncompleto","decl":{"start":{"line":54,"column":9},"end":{"line":54,"column":51}},"loc":{"start":{"line":54,"column":76},"end":{"line":68,"column":1}},"line":54},"3":{"name":"getCertificadoPayload","decl":{"start":{"line":78,"column":9},"end":{"line":78,"column":30}},"loc":{"start":{"line":78,"column":91},"end":{"line":104,"column":1}},"line":78},"4":{"name":"getCertificadoEditPayload","decl":{"start":{"line":113,"column":9},"end":{"line":113,"column":34}},"loc":{"start":{"line":113,"column":73},"end":{"line":145,"column":1}},"line":113}},"branchMap":{"0":{"loc":{"start":{"line":18,"column":22},"end":{"line":20,"column":45}},"type":"binary-expr","locations":[{"start":{"line":18,"column":22},"end":{"line":18,"column":57}},{"start":{"line":19,"column":4},"end":{"line":19,"column":35}},{"start":{"line":20,"column":4},"end":{"line":20,"column":45}}],"line":18},"1":{"loc":{"start":{"line":21,"column":2},"end":{"line":23,"column":3}},"type":"if","locations":[{"start":{"line":21,"column":2},"end":{"line":23,"column":3}},{"start":{},"end":{}}],"line":21},"2":{"loc":{"start":{"line":24,"column":24},"end":{"line":26,"column":45}},"type":"binary-expr","locations":[{"start":{"line":24,"column":24},"end":{"line":24,"column":55}},{"start":{"line":25,"column":4},"end":{"line":25,"column":49}},{"start":{"line":26,"column":4},"end":{"line":26,"column":45}}],"line":24},"3":{"loc":{"start":{"line":27,"column":2},"end":{"line":29,"column":3}},"type":"if","locations":[{"start":{"line":27,"column":2},"end":{"line":29,"column":3}},{"start":{},"end":{}}],"line":27},"4":{"loc":{"start":{"line":39,"column":2},"end":{"line":43,"column":3}},"type":"if","locations":[{"start":{"line":39,"column":2},"end":{"line":43,"column":3}},{"start":{},"end":{}}],"line":39},"5":{"loc":{"start":{"line":39,"column":6},"end":{"line":39,"column":67}},"type":"binary-expr","locations":[{"start":{"line":39,"column":6},"end":{"line":39,"column":29}},{"start":{"line":39,"column":33},"end":{"line":39,"column":67}}],"line":39},"6":{"loc":{"start":{"line":56,"column":2},"end":{"line":59,"column":3}},"type":"if","locations":[{"start":{"line":56,"column":2},"end":{"line":59,"column":3}},{"start":{},"end":{}}],"line":56},"7":{"loc":{"start":{"line":57,"column":32},"end":{"line":57,"column":109}},"type":"binary-expr","locations":[{"start":{"line":57,"column":32},"end":{"line":57,"column":51}},{"start":{"line":57,"column":55},"end":{"line":57,"column":79}},{"start":{"line":57,"column":83},"end":{"line":57,"column":109}}],"line":57},"8":{"loc":{"start":{"line":61,"column":26},"end":{"line":61,"column":96}},"type":"binary-expr","locations":[{"start":{"line":61,"column":26},"end":{"line":61,"column":45}},{"start":{"line":61,"column":49},"end":{"line":61,"column":68}},{"start":{"line":61,"column":72},"end":{"line":61,"column":96}}],"line":61},"9":{"loc":{"start":{"line":62,"column":2},"end":{"line":66,"column":3}},"type":"if","locations":[{"start":{"line":62,"column":2},"end":{"line":66,"column":3}},{"start":{},"end":{}}],"line":62},"10":{"loc":{"start":{"line":64,"column":6},"end":{"line":64,"column":55}},"type":"binary-expr","locations":[{"start":{"line":64,"column":6},"end":{"line":64,"column":27}},{"start":{"line":64,"column":31},"end":{"line":64,"column":55}}],"line":64},"11":{"loc":{"start":{"line":79,"column":2},"end":{"line":87,"column":3}},"type":"if","locations":[{"start":{"line":79,"column":2},"end":{"line":87,"column":3}},{"start":{"line":83,"column":9},"end":{"line":87,"column":3}}],"line":79},"12":{"loc":{"start":{"line":83,"column":9},"end":{"line":87,"column":3}},"type":"if","locations":[{"start":{"line":83,"column":9},"end":{"line":87,"column":3}},{"start":{},"end":{}}],"line":83},"13":{"loc":{"start":{"line":114,"column":2},"end":{"line":126,"column":3}},"type":"if","locations":[{"start":{"line":114,"column":2},"end":{"line":126,"column":3}},{"start":{"line":120,"column":9},"end":{"line":126,"column":3}}],"line":114},"14":{"loc":{"start":{"line":120,"column":9},"end":{"line":126,"column":3}},"type":"if","locations":[{"start":{"line":120,"column":9},"end":{"line":126,"column":3}},{"start":{},"end":{}}],"line":120}},"s":{"0":1,"1":6,"2":6,"3":2,"4":4,"5":4,"6":4,"7":1,"8":1,"9":3,"10":3,"11":1,"12":1,"13":2,"14":2,"15":1,"16":1,"17":2,"18":1,"19":1,"20":1,"21":1,"22":1,"23":1,"24":1,"25":2,"26":2,"27":2,"28":2,"29":2,"30":1,"31":1,"32":1,"33":1,"34":1,"35":1,"36":1,"37":2,"38":1},"f":{"0":6,"1":1,"2":3,"3":2,"4":2},"b":{"0":[6,2,2],"1":[2,4],"2":[4,4,4],"3":[4,0],"4":[1,0],"5":[1,1],"6":[1,2],"7":[1,1,1],"8":[2,2,2],"9":[1,1],"10":[1,1],"11":[1,1],"12":[1,0],"13":[1,1],"14":[1,0]},"_coverageSchema":"1a1c01bbd47fc00a2c39e90264f33305004495a9","hash":"f1b42005f47c8e211c5da3d9fdaa73a908593a88"}
,"/home/ajcm/Downloads/bonita/certificacion-electronica-ui-tests/scripts/pagina-mce/eventos.js": {"path":"/home/ajcm/Downloads/bonita/certificacion-electronica-ui-tests/scripts/pagina-mce/eventos.js","statementMap":{"0":{"start":{"line":8,"column":2},"end":{"line":12,"column":3}},"1":{"start":{"line":9,"column":4},"end":{"line":11,"column":6}},"2":{"start":{"line":23,"column":24},"end":{"line":23,"column":28}},"3":{"start":{"line":24,"column":2},"end":{"line":30,"column":3}},"4":{"start":{"line":25,"column":4},"end":{"line":28,"column":35}},"5":{"start":{"line":29,"column":4},"end":{"line":29,"column":27}},"6":{"start":{"line":31,"column":2},"end":{"line":33,"column":32}},"7":{"start":{"line":34,"column":2},"end":{"line":34,"column":25}},"8":{"start":{"line":44,"column":2},"end":{"line":56,"column":4}},"9":{"start":{"line":66,"column":2},"end":{"line":85,"column":4}},"10":{"start":{"line":88,"column":0},"end":{"line":93,"column":2}}},"fnMap":{"0":{"name":"urlCrearOEditarEventoProceso","decl":{"start":{"line":7,"column":9},"end":{"line":7,"column":37}},"loc":{"start":{"line":7,"column":65},"end":{"line":13,"column":1}},"line":7},"1":{"name":"formErrorEventoCrearOEditarIncompleto","decl":{"start":{"line":22,"column":9},"end":{"line":22,"column":46}},"loc":{"start":{"line":22,"column":66},"end":{"line":35,"column":1}},"line":22},"2":{"name":"getEventoPayload","decl":{"start":{"line":43,"column":9},"end":{"line":43,"column":25}},"loc":{"start":{"line":43,"column":47},"end":{"line":57,"column":1}},"line":43},"3":{"name":"getEventoEditPayload","decl":{"start":{"line":65,"column":9},"end":{"line":65,"column":29}},"loc":{"start":{"line":65,"column":42},"end":{"line":86,"column":1}},"line":65}},"branchMap":{"0":{"loc":{"start":{"line":8,"column":2},"end":{"line":12,"column":3}},"type":"if","locations":[{"start":{"line":8,"column":2},"end":{"line":12,"column":3}},{"start":{},"end":{}}],"line":8},"1":{"loc":{"start":{"line":8,"column":6},"end":{"line":8,"column":71}},"type":"binary-expr","locations":[{"start":{"line":8,"column":6},"end":{"line":8,"column":31}},{"start":{"line":8,"column":35},"end":{"line":8,"column":71}}],"line":8},"2":{"loc":{"start":{"line":24,"column":2},"end":{"line":30,"column":3}},"type":"if","locations":[{"start":{"line":24,"column":2},"end":{"line":30,"column":3}},{"start":{},"end":{}}],"line":24},"3":{"loc":{"start":{"line":25,"column":22},"end":{"line":28,"column":34}},"type":"binary-expr","locations":[{"start":{"line":25,"column":22},"end":{"line":25,"column":36}},{"start":{"line":25,"column":40},"end":{"line":25,"column":56}},{"start":{"line":26,"column":6},"end":{"line":26,"column":19}},{"start":{"line":26,"column":23},"end":{"line":26,"column":36}},{"start":{"line":27,"column":6},"end":{"line":27,"column":27}},{"start":{"line":27,"column":31},"end":{"line":27,"column":58}},{"start":{"line":28,"column":6},"end":{"line":28,"column":34}}],"line":25},"4":{"loc":{"start":{"line":31,"column":20},"end":{"line":33,"column":31}},"type":"binary-expr","locations":[{"start":{"line":31,"column":20},"end":{"line":31,"column":34}},{"start":{"line":31,"column":38},"end":{"line":31,"column":54}},{"start":{"line":31,"column":58},"end":{"line":31,"column":71}},{"start":{"line":32,"column":4},"end":{"line":32,"column":17}},{"start":{"line":32,"column":21},"end":{"line":32,"column":42}},{"start":{"line":33,"column":4},"end":{"line":33,"column":31}}],"line":31}},"s":{"0":1,"1":1,"2":4,"3":4,"4":2,"5":2,"6":2,"7":2,"8":1,"9":2,"10":1},"f":{"0":1,"1":4,"2":1,"3":2},"b":{"0":[1,0],"1":[1,1],"2":[2,2],"3":[2,1,1,1,1,1,1],"4":[2,1,1,1,1,1]},"_coverageSchema":"1a1c01bbd47fc00a2c39e90264f33305004495a9","hash":"1a50d91738a3b7d25d53831b433ebb65a7196760"}
,"/home/ajcm/Downloads/bonita/certificacion-electronica-ui-tests/scripts/pagina-mce/prerrequisitos.js": {"path":"/home/ajcm/Downloads/bonita/certificacion-electronica-ui-tests/scripts/pagina-mce/prerrequisitos.js","statementMap":{"0":{"start":{"line":8,"column":4},"end":{"line":10,"column":5}},"1":{"start":{"line":9,"column":8},"end":{"line":9,"column":25}},"2":{"start":{"line":12,"column":4},"end":{"line":21,"column":5}},"3":{"start":{"line":33,"column":26},"end":{"line":33,"column":30}},"4":{"start":{"line":34,"column":4},"end":{"line":38,"column":5}},"5":{"start":{"line":35,"column":8},"end":{"line":36,"column":53}},"6":{"start":{"line":37,"column":8},"end":{"line":37,"column":30}},"7":{"start":{"line":40,"column":4},"end":{"line":40,"column":59}},"8":{"start":{"line":41,"column":4},"end":{"line":41,"column":26}},"9":{"start":{"line":44,"column":0},"end":{"line":47,"column":2}}},"fnMap":{"0":{"name":"getCreateOrEditParamPayload","decl":{"start":{"line":7,"column":9},"end":{"line":7,"column":36}},"loc":{"start":{"line":7,"column":48},"end":{"line":22,"column":1}},"line":7},"1":{"name":"formErrorParametroCrearOEditarIncompleto","decl":{"start":{"line":32,"column":9},"end":{"line":32,"column":49}},"loc":{"start":{"line":32,"column":72},"end":{"line":42,"column":1}},"line":32}},"branchMap":{"0":{"loc":{"start":{"line":8,"column":4},"end":{"line":10,"column":5}},"type":"if","locations":[{"start":{"line":8,"column":4},"end":{"line":10,"column":5}},{"start":{},"end":{}}],"line":8},"1":{"loc":{"start":{"line":8,"column":8},"end":{"line":8,"column":74}},"type":"binary-expr","locations":[{"start":{"line":8,"column":8},"end":{"line":8,"column":38}},{"start":{"line":8,"column":42},"end":{"line":8,"column":74}}],"line":8},"2":{"loc":{"start":{"line":34,"column":4},"end":{"line":38,"column":5}},"type":"if","locations":[{"start":{"line":34,"column":4},"end":{"line":38,"column":5}},{"start":{},"end":{}}],"line":34},"3":{"loc":{"start":{"line":35,"column":26},"end":{"line":36,"column":53}},"type":"binary-expr","locations":[{"start":{"line":35,"column":26},"end":{"line":35,"column":43}},{"start":{"line":35,"column":47},"end":{"line":35,"column":63}},{"start":{"line":36,"column":12},"end":{"line":36,"column":25}},{"start":{"line":36,"column":29},"end":{"line":36,"column":53}}],"line":35},"4":{"loc":{"start":{"line":40,"column":22},"end":{"line":40,"column":59}},"type":"binary-expr","locations":[{"start":{"line":40,"column":22},"end":{"line":40,"column":39}},{"start":{"line":40,"column":43},"end":{"line":40,"column":59}}],"line":40}},"s":{"0":2,"1":1,"2":2,"3":4,"4":4,"5":2,"6":2,"7":2,"8":2,"9":1},"f":{"0":2,"1":4},"b":{"0":[1,1],"1":[2,2],"2":[2,2],"3":[2,1,1,1],"4":[2,1]},"_coverageSchema":"1a1c01bbd47fc00a2c39e90264f33305004495a9","hash":"33d883e1f64e97de83be195c69b07fca95469f3e"}
}
