TN:
SF:scripts/formularios/firmarCertificado.js
FN:13,getFirmarPayload
FN:26,rutaExternaDelDocFirmado
FN:41,urlParaIniciarFirmaEC
FN:87,urlExternaDelDocFirmado
FN:102,urlDirPDFAVerificar
FNF:5
FNH:5
FNDA:1,getFirmarPayload
FNDA:1,rutaExternaDelDocFirmado
FNDA:5,urlParaIniciarFirmaEC
FNDA:1,urlExternaDelDocFirmado
FNDA:2,urlDirPDFAVerificar
DA:1,1
DA:14,1
DA:27,1
DA:28,1
DA:29,1
DA:32,1
DA:44,5
DA:45,4
DA:46,4
DA:47,4
DA:48,4
DA:49,4
DA:50,2
DA:51,2
DA:52,2
DA:54,4
DA:55,4
DA:56,4
DA:57,2
DA:58,2
DA:65,2
DA:66,2
DA:74,4
DA:77,1
DA:88,1
DA:89,1
DA:90,1
DA:93,1
DA:103,2
DA:104,2
DA:105,2
DA:106,2
DA:107,1
DA:110,1
DA:115,2
DA:119,1
LF:36
LH:36
BRDA:44,0,0,4
BRDA:44,0,1,1
BRDA:44,1,0,5
BRDA:44,1,1,4
BRDA:49,2,0,2
BRDA:49,2,1,2
BRDA:51,3,0,2
BRDA:51,3,1,0
BRDA:56,4,0,2
BRDA:56,4,1,2
BRDA:103,5,0,2
BRDA:103,5,1,0
BRDA:106,6,0,1
BRDA:106,6,1,1
BRF:14
BRH:12
end_of_record
TN:
SF:scripts/formularios/generarCertificado.js
FN:8,fechasValid
FNF:1
FNH:1
FNDA:13,fechasValid
DA:9,13
DA:10,12
DA:13,1
DA:16,1
LF:4
LH:4
BRDA:9,0,0,12
BRDA:9,0,1,1
BRDA:9,1,0,13
BRDA:9,1,1,12
BRF:4
BRH:4
end_of_record
TN:
SF:scripts/formularios/revisionDeSolicitud.js
FN:14,getChangeTagComentarios
FN:27,getChangeButtonLabel
FN:38,getRevisionSolicitudPayload
FNF:3
FNH:3
FNDA:2,getChangeTagComentarios
FNDA:2,getChangeButtonLabel
FNDA:1,getRevisionSolicitudPayload
DA:1,1
DA:15,2
DA:28,2
DA:39,1
DA:45,1
LF:5
LH:5
BRDA:15,0,0,1
BRDA:15,0,1,1
BRDA:28,1,0,1
BRDA:28,1,1,1
BRF:4
BRH:4
end_of_record
TN:
SF:scripts/formularios/verPdfGenerado.js
FN:8,getPayload
FNF:1
FNH:1
FNDA:2,getPayload
DA:9,2
DA:12,1
LF:2
LH:2
BRF:0
BRH:0
end_of_record
TN:
SF:scripts/pagina-mce/certificados.js
FN:17,quienFirma
FN:38,urlCrearOEditarCertificadoProceso
FN:54,formErrorCrearOEditarCertificadoIncompleto
FN:78,getCertificadoPayload
FN:113,getCertificadoEditPayload
FNF:5
FNH:5
FNDA:6,quienFirma
FNDA:1,urlCrearOEditarCertificadoProceso
FNDA:3,formErrorCrearOEditarCertificadoIncompleto
FNDA:2,getCertificadoPayload
FNDA:2,getCertificadoEditPayload
DA:1,1
DA:18,6
DA:21,6
DA:22,2
DA:24,4
DA:27,4
DA:28,4
DA:39,1
DA:40,1
DA:55,3
DA:56,3
DA:57,1
DA:58,1
DA:61,2
DA:62,2
DA:63,1
DA:67,1
DA:79,2
DA:80,1
DA:81,1
DA:82,1
DA:83,1
DA:84,1
DA:85,1
DA:86,1
DA:89,2
DA:90,2
DA:91,2
DA:93,2
DA:114,2
DA:117,1
DA:118,1
DA:119,1
DA:120,1
DA:123,1
DA:124,1
DA:125,1
DA:127,2
DA:147,1
LF:39
LH:39
BRDA:18,0,0,6
BRDA:18,0,1,2
BRDA:18,0,2,2
BRDA:21,1,0,2
BRDA:21,1,1,4
BRDA:24,2,0,4
BRDA:24,2,1,4
BRDA:24,2,2,4
BRDA:27,3,0,4
BRDA:27,3,1,0
BRDA:39,4,0,1
BRDA:39,4,1,0
BRDA:39,5,0,1
BRDA:39,5,1,1
BRDA:56,6,0,1
BRDA:56,6,1,2
BRDA:57,7,0,1
BRDA:57,7,1,1
BRDA:57,7,2,1
BRDA:61,8,0,2
BRDA:61,8,1,2
BRDA:61,8,2,2
BRDA:62,9,0,1
BRDA:62,9,1,1
BRDA:64,10,0,1
BRDA:64,10,1,1
BRDA:79,11,0,1
BRDA:79,11,1,1
BRDA:83,12,0,1
BRDA:83,12,1,0
BRDA:114,13,0,1
BRDA:114,13,1,1
BRDA:120,14,0,1
BRDA:120,14,1,0
BRF:34
BRH:30
end_of_record
TN:
SF:scripts/pagina-mce/eventos.js
FN:7,urlCrearOEditarEventoProceso
FN:22,formErrorEventoCrearOEditarIncompleto
FN:43,getEventoPayload
FN:65,getEventoEditPayload
FNF:4
FNH:4
FNDA:1,urlCrearOEditarEventoProceso
FNDA:4,formErrorEventoCrearOEditarIncompleto
FNDA:1,getEventoPayload
FNDA:2,getEventoEditPayload
DA:8,1
DA:9,1
DA:23,4
DA:24,4
DA:25,2
DA:29,2
DA:31,2
DA:34,2
DA:44,1
DA:66,2
DA:88,1
LF:11
LH:11
BRDA:8,0,0,1
BRDA:8,0,1,0
BRDA:8,1,0,1
BRDA:8,1,1,1
BRDA:24,2,0,2
BRDA:24,2,1,2
BRDA:25,3,0,2
BRDA:25,3,1,1
BRDA:25,3,2,1
BRDA:25,3,3,1
BRDA:25,3,4,1
BRDA:25,3,5,1
BRDA:25,3,6,1
BRDA:31,4,0,2
BRDA:31,4,1,1
BRDA:31,4,2,1
BRDA:31,4,3,1
BRDA:31,4,4,1
BRDA:31,4,5,1
BRF:19
BRH:18
end_of_record
TN:
SF:scripts/pagina-mce/prerrequisitos.js
FN:7,getCreateOrEditParamPayload
FN:32,formErrorParametroCrearOEditarIncompleto
FNF:2
FNH:2
FNDA:2,getCreateOrEditParamPayload
FNDA:4,formErrorParametroCrearOEditarIncompleto
DA:8,2
DA:9,1
DA:12,2
DA:33,4
DA:34,4
DA:35,2
DA:37,2
DA:40,2
DA:41,2
DA:44,1
LF:10
LH:10
BRDA:8,0,0,1
BRDA:8,0,1,1
BRDA:8,1,0,2
BRDA:8,1,1,2
BRDA:34,2,0,2
BRDA:34,2,1,2
BRDA:35,3,0,2
BRDA:35,3,1,1
BRDA:35,3,2,1
BRDA:35,3,3,1
BRDA:40,4,0,2
BRDA:40,4,1,1
BRF:12
BRH:12
end_of_record
